<?xml version="1.0" encoding="UTF-8" ?>
<testsuite errors="0" failures="0" hostname="WirelessPersoneel-143169153003.uantwerpen.be" name="de.unisb.cs.st.javalanche.mutation.runtime.testDriver.junit.JavalancheWrapperTestSuite" tests="0" time="2.297" timestamp="2016-10-05T16:19:45">
  <properties>
    <property name="java.vendor" value="Oracle Corporation" />
    <property name="lib.dir" value="/Users/aliparsai/Study/NullCheckProj/Javalanche/javalanche-0.4/lib/" />
    <property name="sun.java.launcher" value="SUN_STANDARD" />
    <property name="sun.management.compiler" value="HotSpot 64-Bit Tiered Compilers" />
    <property name="ant.file.type.javalanche-add-tasks" value="file" />
    <property name="os.name" value="Mac OS X" />
    <property name="sun.boot.class.path" value="/Library/Java/JavaVirtualMachines/jdk1.8.0_60.jdk/Contents/Home/jre/lib/resources.jar:/Library/Java/JavaVirtualMachines/jdk1.8.0_60.jdk/Contents/Home/jre/lib/rt.jar:/Library/Java/JavaVirtualMachines/jdk1.8.0_60.jdk/Contents/Home/jre/lib/sunrsasign.jar:/Library/Java/JavaVirtualMachines/jdk1.8.0_60.jdk/Contents/Home/jre/lib/jsse.jar:/Library/Java/JavaVirtualMachines/jdk1.8.0_60.jdk/Contents/Home/jre/lib/jce.jar:/Library/Java/JavaVirtualMachines/jdk1.8.0_60.jdk/Contents/Home/jre/lib/charsets.jar:/Library/Java/JavaVirtualMachines/jdk1.8.0_60.jdk/Contents/Home/jre/lib/jfr.jar:/Library/Java/JavaVirtualMachines/jdk1.8.0_60.jdk/Contents/Home/jre/classes:/Users/aliparsai/Study/NullCheckProj/Javalanche/javalanche-0.4/javalanche-mutation-bootclasspath.jar" />
    <property name="user.country.format" value="BE" />
    <property name="javalanche.single.task.file.name" value="/Users/aliparsai/Study/NullCheckProj/videostore/mutation-files/nul.study.videostore_single-task.txt" />
    <property name="javalanche.maxmemory" value="2048m" />
    <property name="java.vm.specification.vendor" value="Oracle Corporation" />
    <property name="ant.home" value="/usr/local/Cellar/ant/1.9.7/libexec" />
    <property name="java.runtime.version" value="1.8.0_60-b27" />
    <property name="javalanche.out.dir" value="/Users/aliparsai/Study/NullCheckProj/videostore/mutation-files" />
    <property name="user.name" value="aliparsai" />
    <property name="project.prefix" value="nul.study.videostore" />
    <property name="user.language" value="en" />
    <property name="sun.boot.library.path" value="/Library/Java/JavaVirtualMachines/jdk1.8.0_60.jdk/Contents/Home/jre/lib" />
    <property name="proj.shortname" value="javalanche" />
    <property name="javalanche" value="/Users/aliparsai/Study/NullCheckProj/Javalanche/javalanche-0.4" />
    <property name="ant.project.name" value="Javalanche" />
    <property name="java.version" value="1.8.0_60" />
    <property name="user.timezone" value="" />
    <property name="project.tests" value="nul.study.videostore.Original.VideoStoreTest:nul.study.videostore.PITestAdequate.AllTests" />
    <property name="sun.arch.data.model" value="64" />
    <property name="javalanche.tests" value="nul.study.videostore.Original.VideoStoreTest:nul.study.videostore.PITestAdequate.AllTests" />
    <property name="ant.file.type.javalanche-import" value="file" />
    <property name="http.nonProxyHosts" value="local|*.local|169.254/16|*.169.254/16" />
    <property name="java.endorsed.dirs" value="/Library/Java/JavaVirtualMachines/jdk1.8.0_60.jdk/Contents/Home/jre/lib/endorsed" />
    <property name="sun.cpu.isalist" value="" />
    <property name="ant.file.javalanche-import" value="/Users/aliparsai/Study/NullCheckProj/Javalanche/javalanche-0.4/import.xml" />
    <property name="sun.jnu.encoding" value="UTF-8" />
    <property name="file.encoding.pkg" value="sun.io" />
    <property name="cp" value="/Users/aliparsai/Study/NullCheckProj/videostore/target/test-classes:/Users/aliparsai/Study/NullCheckProj/videostore/target/classes:/Users/aliparsai/.m2/repository/junit/junit/4.11/junit-4.11.jar:/Users/aliparsai/.m2/repository/org/hamcrest/hamcrest-core/1.3/hamcrest-core-1.3.jar" />
    <property name="file.separator" value="/" />
    <property name="java.specification.name" value="Java Platform API Specification" />
    <property name="javalanche.add.commands" value="-Xmx2048m -Djavalanche.use.junit3runner=false -Djavalanche.trace.bytecode=false -Djavalanche.log.level=notSet " />
    <property name="java.class.version" value="52.0" />
    <property name="javalanche.use.junit3runner" value="false" />
    <property name="user.country" value="US" />
    <property name="java.home" value="/Library/Java/JavaVirtualMachines/jdk1.8.0_60.jdk/Contents/Home/jre" />
    <property name="java.vm.info" value="mixed mode" />
    <property name="ant.file" value="/Users/aliparsai/Study/NullCheckProj/videostore/javalanche.xml" />
    <property name="os.version" value="10.11.6" />
    <property name="path.separator" value=":" />
    <property name="java.vm.version" value="25.60-b23" />
    <property name="javalanche.mutation.javaagent" value="/Users/aliparsai/Study/NullCheckProj/Javalanche/javalanche-0.4/javaagent.jar" />
    <property name="ant.library.dir" value="/usr/local/Cellar/ant/1.9.7/libexec/lib" />
    <property name="scan.bootclasspath" value="-Xbootclasspath/a:/Users/aliparsai/Study/NullCheckProj/Javalanche/javalanche-0.4/javalanche-mutation-bootclasspath.jar" />
    <property name="javalanche.dist.dir" value="/Users/aliparsai/Study/NullCheckProj/Javalanche/javalanche-0.4" />
    <property name="java.awt.printerjob" value="sun.lwawt.macosx.CPrinterJob" />
    <property name="sun.io.unicode.encoding" value="UnicodeBig" />
    <property name="awt.toolkit" value="sun.lwawt.macosx.LWCToolkit" />
    <property name="javalanche.run.mode" value="scan" />
    <property name="socksNonProxyHosts" value="local|*.local|169.254/16|*.169.254/16" />
    <property name="scan.javalanche.run.mode" value="-Djavalanche.run.mode=scan" />
    <property name="ftp.nonProxyHosts" value="local|*.local|169.254/16|*.169.254/16" />
    <property name="scan.javalanche.package.prefix" value="-Djavalanche.project.prefix=nul.study.videostore" />
    <property name="javalanche.arg.line" value=" -Xmx2048m -Djavalanche.use.junit3runner=false -Djavalanche.trace.bytecode=false -Djavalanche.log.level=notSet  -Xbootclasspath/a:/Users/aliparsai/Study/NullCheckProj/Javalanche/javalanche-0.4/javalanche-mutation-bootclasspath.jar -javaagent:/Users/aliparsai/Study/NullCheckProj/Javalanche/javalanche-0.4/javaagent.jar  -Djavalanche.run.mode=scan -Djavalanche.project.prefix=nul.study.videostore -Djavalanche.tests=nul.study.videostore.Original.VideoStoreTest:nul.study.videostore.PITestAdequate.AllTests " />
    <property name="user.home" value="/Users/aliparsai" />
    <property name="scan.javalanche.project.tests" value="-Djavalanche.tests=nul.study.videostore.Original.VideoStoreTest:nul.study.videostore.PITestAdequate.AllTests" />
    <property name="scan.memory" value="-Xmx2048m" />
    <property name="java.specification.vendor" value="Oracle Corporation" />
    <property name="java.library.path" value="/Users/aliparsai/Library/Java/Extensions:/Library/Java/Extensions:/Network/Library/Java/Extensions:/System/Library/Java/Extensions:/usr/lib/java:." />
    <property name="java.vendor.url" value="http://java.oracle.com/" />
    <property name="javalanche.mutation.output.dir" value="/Users/aliparsai/Study/NullCheckProj/videostore/mutation-files" />
    <property name="java.vm.vendor" value="Oracle Corporation" />
    <property name="gopherProxySet" value="false" />
    <property name="java.runtime.name" value="Java(TM) SE Runtime Environment" />
    <property name="java.class.path" value="/Users/aliparsai/Study/NullCheckProj/Javalanche/javalanche-0.4/src/main/resources:/Users/aliparsai/Study/NullCheckProj/Javalanche/javalanche-0.4/lib/antlr-2.7.6.jar:/Users/aliparsai/Study/NullCheckProj/Javalanche/javalanche-0.4/lib/asm-debug-all-3.3.1.jar:/Users/aliparsai/Study/NullCheckProj/Javalanche/javalanche-0.4/lib/bsh-2.0b4.jar:/Users/aliparsai/Study/NullCheckProj/Javalanche/javalanche-0.4/lib/c3p0-0.9.1.2.jar:/Users/aliparsai/Study/NullCheckProj/Javalanche/javalanche-0.4/lib/cglib-nodep-2.1_3.jar:/Users/aliparsai/Study/NullCheckProj/Javalanche/javalanche-0.4/lib/commons-collections-2.1.1.jar:/Users/aliparsai/Study/NullCheckProj/Javalanche/javalanche-0.4/lib/commons-io-2.0.1.jar:/Users/aliparsai/Study/NullCheckProj/Javalanche/javalanche-0.4/lib/commons-lang-2.6.jar:/Users/aliparsai/Study/NullCheckProj/Javalanche/javalanche-0.4/lib/commons-logging-1.0.4.jar:/Users/aliparsai/Study/NullCheckProj/Javalanche/javalanche-0.4/lib/dom4j-1.6.1.jar:/Users/aliparsai/Study/NullCheckProj/Javalanche/javalanche-0.4/lib/ds-util-0.3.2.1.jar:/Users/aliparsai/Study/NullCheckProj/Javalanche/javalanche-0.4/lib/ehcache-1.2.3.jar:/Users/aliparsai/Study/NullCheckProj/Javalanche/javalanche-0.4/lib/freemarker-2.3.8.jar:/Users/aliparsai/Study/NullCheckProj/Javalanche/javalanche-0.4/lib/guava-r09.jar:/Users/aliparsai/Study/NullCheckProj/Javalanche/javalanche-0.4/lib/hamcrest-core-1.3.RC2.jar:/Users/aliparsai/Study/NullCheckProj/Javalanche/javalanche-0.4/lib/hamcrest-integration-1.3.RC2.jar:/Users/aliparsai/Study/NullCheckProj/Javalanche/javalanche-0.4/lib/hamcrest-library-1.3.RC2.jar:/Users/aliparsai/Study/NullCheckProj/Javalanche/javalanche-0.4/lib/hibernate-3.2.7.ga.jar:/Users/aliparsai/Study/NullCheckProj/Javalanche/javalanche-0.4/lib/hibernate-annotations-3.3.0.ga.jar:/Users/aliparsai/Study/NullCheckProj/Javalanche/javalanche-0.4/lib/hibernate-commons-annotations-3.3.0.ga.jar:/Users/aliparsai/Study/NullCheckProj/Javalanche/javalanche-0.4/lib/hibernate-tools-3.2.3.GA.jar:/Users/aliparsai/Study/NullCheckProj/Javalanche/javalanche-0.4/lib/hsqldb-1.8.0.10.jar:/Users/aliparsai/Study/NullCheckProj/Javalanche/javalanche-0.4/lib/javalanche-0.4.jar:/Users/aliparsai/Study/NullCheckProj/Javalanche/javalanche-0.4/lib/jgrapht-jdk1.5-0.7.3.jar:/Users/aliparsai/Study/NullCheckProj/Javalanche/javalanche-0.4/lib/jta-1.0.1B.jar:/Users/aliparsai/Study/NullCheckProj/Javalanche/javalanche-0.4/lib/jtidy-r8-20060801.jar:/Users/aliparsai/Study/NullCheckProj/Javalanche/javalanche-0.4/lib/junit-dep-4.8.2.jar:/Users/aliparsai/Study/NullCheckProj/Javalanche/javalanche-0.4/lib/log4j-1.2.16.jar:/Users/aliparsai/Study/NullCheckProj/Javalanche/javalanche-0.4/lib/mysql-connector-java-5.1.17.jar:/Users/aliparsai/Study/NullCheckProj/Javalanche/javalanche-0.4/lib/opencsv-2.3.jar:/Users/aliparsai/Study/NullCheckProj/Javalanche/javalanche-0.4/lib/persistence-api-1.0.jar:/Users/aliparsai/Study/NullCheckProj/Javalanche/javalanche-0.4/lib/xmlpull-1.1.3.1.jar:/Users/aliparsai/Study/NullCheckProj/Javalanche/javalanche-0.4/lib/xpp3_min-1.1.4c.jar:/Users/aliparsai/Study/NullCheckProj/Javalanche/javalanche-0.4/lib/xstream-1.4.1.jar:/Users/aliparsai/Study/NullCheckProj/videostore/target/test-classes:/Users/aliparsai/Study/NullCheckProj/videostore/target/classes:/Users/aliparsai/.m2/repository/junit/junit/4.11/junit-4.11.jar:/Users/aliparsai/.m2/repository/org/hamcrest/hamcrest-core/1.3/hamcrest-core-1.3.jar:/Users/aliparsai/.ant/lib/junit.jar:/usr/local/Cellar/ant/1.9.7/libexec/lib/ant-launcher.jar:/usr/local/Cellar/ant/1.9.7/libexec/lib/ant.jar:/Users/aliparsai/.ant/lib/ant-junit.jar:/usr/local/Cellar/ant/1.9.7/libexec/lib/ant-junit4.jar:/Users/aliparsai/Study/NullCheckProj/Javalanche/javalanche-0.4/javaagent.jar" />
    <property name="sun.java.command" value="org.apache.tools.ant.taskdefs.optional.junit.JUnitTestRunner de.unisb.cs.st.javalanche.mutation.runtime.testDriver.junit.JavalancheWrapperTestSuite filtertrace=true haltOnError=false haltOnFailure=false showoutput=true outputtoformatters=true logfailedtests=true logtestlistenerevents=false formatter=org.apache.tools.ant.taskdefs.optional.junit.XMLJUnitResultFormatter,/Users/aliparsai/Study/NullCheckProj/videostore/mutation-files/junit-reports/TEST-de.unisb.cs.st.javalanche.mutation.runtime.testDriver.junit.JavalancheWrapperTestSuite.xml formatter=org.apache.tools.ant.taskdefs.optional.junit.PlainJUnitResultFormatter,/Users/aliparsai/Study/NullCheckProj/videostore/mutation-files/junit-reports/TEST-de.unisb.cs.st.javalanche.mutation.runtime.testDriver.junit.JavalancheWrapperTestSuite.txt crashfile=/Users/aliparsai/Study/NullCheckProj/videostore/junitvmwatcher5672894434026034093.properties propsfile=/Users/aliparsai/Study/NullCheckProj/videostore/junit9172251129826060606.properties" />
    <property name="ant.version" value="Apache Ant(TM) version 1.9.7 compiled on April 9 2016" />
    <property name="javalanche.project.prefix" value="nul.study.videostore" />
    <property name="ant.file.type.Javalanche" value="file" />
    <property name="java.vm.specification.name" value="Java Virtual Machine Specification" />
    <property name="javalanche.add.arg" value="" />
    <property name="ant.file.type" value="file" />
    <property name="java.vm.specification.version" value="1.8" />
    <property name="sun.cpu.endian" value="little" />
    <property name="sun.os.patch.level" value="unknown" />
    <property name="tests" value="nul.study.videostore.Original.VideoStoreTest:nul.study.videostore.PITestAdequate.AllTests" />
    <property name="java.io.tmpdir" value="/var/folders/rb/rbt1t5912z3b8_x0h_dcnn6w0000gn/T/" />
    <property name="ant.file.javalanche-tasks" value="/Users/aliparsai/Study/NullCheckProj/Javalanche/javalanche-0.4/src/main/resources/javalanche-tasks.xml" />
    <property name="prefix" value="nul.study.videostore" />
    <property name="java.vendor.url.bug" value="http://bugreport.sun.com/bugreport/" />
    <property name="ant.file.Javalanche" value="/Users/aliparsai/Study/NullCheckProj/videostore/javalanche.xml" />
    <property name="javalanche.dir" value="/Users/aliparsai/Study/NullCheckProj/Javalanche/javalanche-0.4" />
    <property name="ant.file.javalanche-add-tasks" value="/Users/aliparsai/Study/NullCheckProj/Javalanche/javalanche-0.4/src/main/resources/javalanche-add-tasks.xml" />
    <property name="scan.mutation.javaagent" value="-javaagent:/Users/aliparsai/Study/NullCheckProj/Javalanche/javalanche-0.4/javaagent.jar" />
    <property name="os.arch" value="x86_64" />
    <property name="java.awt.graphicsenv" value="sun.awt.CGraphicsEnvironment" />
    <property name="javalanche.wrapper.testsuite" value="de.unisb.cs.st.javalanche.mutation.runtime.testDriver.junit.JavalancheWrapperTestSuite" />
    <property name="java.ext.dirs" value="/Users/aliparsai/Library/Java/Extensions:/Library/Java/JavaVirtualMachines/jdk1.8.0_60.jdk/Contents/Home/jre/lib/ext:/Library/Java/Extensions:/Network/Library/Java/Extensions:/System/Library/Java/Extensions:/usr/lib/java" />
    <property name="user.dir" value="/Users/aliparsai/Study/NullCheckProj/videostore" />
    <property name="line.separator" value="&#xa;" />
    <property name="java.vm.name" value="Java HotSpot(TM) 64-Bit Server VM" />
    <property name="javalanche.log.level" value="notSet" />
    <property name="basedir" value="/Users/aliparsai/Study/NullCheckProj/videostore" />
    <property name="ant.java.version" value="1.8" />
    <property name="ant.core.lib" value="/usr/local/Cellar/ant/1.9.7/libexec/lib/ant.jar" />
    <property name="javalanche.trace.bytecode" value="false" />
    <property name="file.encoding" value="UTF-8" />
    <property name="javalanche.config.properties" value="" />
    <property name="javalanche.task" value="javalancheTask" />
    <property name="javalanche.location" value="/Users/aliparsai/Study/NullCheckProj/Javalanche/javalanche-0.4" />
    <property name="mutation.jars.dir" value="/Users/aliparsai/Study/NullCheckProj/Javalanche/javalanche-0.4/lib/" />
    <property name="junit3" value="false" />
    <property name="java.specification.version" value="1.8" />
    <property name="mutation.base.dir" value="/Users/aliparsai/Study/NullCheckProj/Javalanche/javalanche-0.4" />
    <property name="ant.project.invoked-targets" value="javalancheTask" />
    <property name="ant.file.type.javalanche-tasks" value="file" />
  </properties>
  <system-out><![CDATA[]]></system-out>
  <system-err><![CDATA[]]></system-err>
</testsuite>
